<?xml version="1.0" encoding="UTF-8"?>
<testsuite name="nl.tudelft.jpacman.npc.ghost.ClydeTest" tests="4" skipped="0" failures="0" errors="0" timestamp="2019-06-19T21:05:06" hostname="MSI" time="0.088">
  <properties/>
  <testcase name="goAway()" classname="nl.tudelft.jpacman.npc.ghost.ClydeTest" time="0.025"/>
  <testcase name="noPathToPacman()" classname="nl.tudelft.jpacman.npc.ghost.ClydeTest" time="0.023"/>
  <testcase name="goTowards()" classname="nl.tudelft.jpacman.npc.ghost.ClydeTest" time="0.022"/>
  <testcase name="noPacman()" classname="nl.tudelft.jpacman.npc.ghost.ClydeTest" time="0.016"/>
  <system-out><![CDATA[]]></system-out>
  <system-err><![CDATA[]]></system-err>
</testsuite>
