<?xml version="1.0" encoding="UTF-8"?>
<testsuite name="nl.tudelft.jpacman.level.MapParserTest" tests="9" skipped="0" failures="0" errors="0" timestamp="2019-06-19T21:05:05" hostname="MSI" time="0.323">
  <properties/>
  <testcase name="readFromFileCorrect()" classname="nl.tudelft.jpacman.level.MapParserTest" time="0.225"/>
  <testcase name="validBoard()" classname="nl.tudelft.jpacman.level.MapParserTest" time="0.011"/>
  <testcase name="checkMapFormatInputLineEmpty()" classname="nl.tudelft.jpacman.level.MapParserTest" time="0.001"/>
  <testcase name="readFromIOErroringStream()" classname="nl.tudelft.jpacman.level.MapParserTest" time="0.057"/>
  <testcase name="invalidBoard()" classname="nl.tudelft.jpacman.level.MapParserTest" time="0.02"/>
  <testcase name="checkMapFormatInputLineEqualLength()" classname="nl.tudelft.jpacman.level.MapParserTest" time="0.001"/>
  <testcase name="checkMapFormatNull()" classname="nl.tudelft.jpacman.level.MapParserTest" time="0.001"/>
  <testcase name="readFromNonExistentFile()" classname="nl.tudelft.jpacman.level.MapParserTest" time="0.001"/>
  <testcase name="checkMapFormatEmpty()" classname="nl.tudelft.jpacman.level.MapParserTest" time="0.001"/>
  <system-out><![CDATA[]]></system-out>
  <system-err><![CDATA[]]></system-err>
</testsuite>
