<?xml version="1.0" encoding="UTF-8"?>
<testsuite name="nl.tudelft.jpacman.npc.ghost.InkyTest" tests="6" skipped="0" failures="0" errors="0" timestamp="2019-06-19T21:05:06" hostname="MSI" time="0.117">
  <properties/>
  <testcase name="otherSide()" classname="nl.tudelft.jpacman.npc.ghost.InkyTest" time="0.027"/>
  <testcase name="noBlinky()" classname="nl.tudelft.jpacman.npc.ghost.InkyTest" time="0.009"/>
  <testcase name="noPacman()" classname="nl.tudelft.jpacman.npc.ghost.InkyTest" time="0.02"/>
  <testcase name="alongBlinky()" classname="nl.tudelft.jpacman.npc.ghost.InkyTest" time="0.022"/>
  <testcase name="notPossibleToDouble()" classname="nl.tudelft.jpacman.npc.ghost.InkyTest" time="0.022"/>
  <testcase name="inkyBug()" classname="nl.tudelft.jpacman.npc.ghost.InkyTest" time="0.014"/>
  <system-out><![CDATA[]]></system-out>
  <system-err><![CDATA[]]></system-err>
</testsuite>
