<?xml version="1.0" encoding="UTF-8"?>
<testsuite name="nl.tudelft.jpacman.integration.suspension.RestartSystemTest" tests="1" skipped="0" failures="0" errors="0" timestamp="2019-06-19T21:05:05" hostname="MSI" time="0.07">
  <properties/>
  <testcase name="restartSystemTest()" classname="nl.tudelft.jpacman.integration.suspension.RestartSystemTest" time="0.07"/>
  <system-out><![CDATA[]]></system-out>
  <system-err><![CDATA[]]></system-err>
</testsuite>
