<?xml version="1.0" encoding="UTF-8"?>
<testsuite name="nl.tudelft.jpacman.board.BoardTest" tests="9" skipped="0" failures="0" errors="0" timestamp="2019-06-19T21:05:04" hostname="MSI" time="0.025">
  <properties/>
  <testcase name="withinBorders(int, int, boolean)[1]" classname="nl.tudelft.jpacman.board.BoardTest" time="0.001"/>
  <testcase name="withinBorders(int, int, boolean)[2]" classname="nl.tudelft.jpacman.board.BoardTest" time="0.001"/>
  <testcase name="withinBorders(int, int, boolean)[3]" classname="nl.tudelft.jpacman.board.BoardTest" time="0.001"/>
  <testcase name="withinBorders(int, int, boolean)[4]" classname="nl.tudelft.jpacman.board.BoardTest" time="0.001"/>
  <testcase name="withinBorders(int, int, boolean)[5]" classname="nl.tudelft.jpacman.board.BoardTest" time="0.001"/>
  <testcase name="withinBorders(int, int, boolean)[6]" classname="nl.tudelft.jpacman.board.BoardTest" time="0.001"/>
  <testcase name="withinBorders(int, int, boolean)[7]" classname="nl.tudelft.jpacman.board.BoardTest" time="0.0"/>
  <testcase name="withinBorders(int, int, boolean)[8]" classname="nl.tudelft.jpacman.board.BoardTest" time="0.001"/>
  <testcase name="boardVerification()" classname="nl.tudelft.jpacman.board.BoardTest" time="0.003"/>
  <system-out><![CDATA[]]></system-out>
  <system-err><![CDATA[]]></system-err>
</testsuite>
