<?xml version="1.0" encoding="UTF-8"?>
<testsuite name="nl.tudelft.jpacman.level.DefaultPlayerInteractionMapTest" tests="9" skipped="0" failures="0" errors="0" timestamp="2019-06-19T21:05:05" hostname="MSI" time="0.176">
  <properties/>
  <testcase name="testPlayerCollisions(String, String, boolean, boolean)[1]" classname="nl.tudelft.jpacman.level.DefaultPlayerInteractionMapTest" time="0.016"/>
  <testcase name="testPlayerCollisions(String, String, boolean, boolean)[2]" classname="nl.tudelft.jpacman.level.DefaultPlayerInteractionMapTest" time="0.061"/>
  <testcase name="testPlayerCollisions(String, String, boolean, boolean)[3]" classname="nl.tudelft.jpacman.level.DefaultPlayerInteractionMapTest" time="0.058"/>
  <testcase name="testPlayerCollisions(String, String, boolean, boolean)[4]" classname="nl.tudelft.jpacman.level.DefaultPlayerInteractionMapTest" time="0.007"/>
  <testcase name="testPlayerCollisions(String, String, boolean, boolean)[5]" classname="nl.tudelft.jpacman.level.DefaultPlayerInteractionMapTest" time="0.003"/>
  <testcase name="testPlayerCollisions(String, String, boolean, boolean)[6]" classname="nl.tudelft.jpacman.level.DefaultPlayerInteractionMapTest" time="0.005"/>
  <testcase name="testPlayerCollisions(String, String, boolean, boolean)[7]" classname="nl.tudelft.jpacman.level.DefaultPlayerInteractionMapTest" time="0.006"/>
  <testcase name="testPlayerCollisions(String, String, boolean, boolean)[8]" classname="nl.tudelft.jpacman.level.DefaultPlayerInteractionMapTest" time="0.004"/>
  <testcase name="testPlayerCollisions(String, String, boolean, boolean)[9]" classname="nl.tudelft.jpacman.level.DefaultPlayerInteractionMapTest" time="0.004"/>
  <system-out><![CDATA[]]></system-out>
  <system-err><![CDATA[]]></system-err>
</testsuite>
