<?xml version="1.0" encoding="UTF-8"?>
<testsuite name="nl.tudelft.jpacman.level.PlayerCollisionsTest" tests="9" skipped="0" failures="0" errors="0" timestamp="2019-06-19T21:05:06" hostname="MSI" time="0.084">
  <properties/>
  <testcase name="testPlayerCollisions(String, String, boolean, boolean)[1]" classname="nl.tudelft.jpacman.level.PlayerCollisionsTest" time="0.008"/>
  <testcase name="testPlayerCollisions(String, String, boolean, boolean)[2]" classname="nl.tudelft.jpacman.level.PlayerCollisionsTest" time="0.013"/>
  <testcase name="testPlayerCollisions(String, String, boolean, boolean)[3]" classname="nl.tudelft.jpacman.level.PlayerCollisionsTest" time="0.013"/>
  <testcase name="testPlayerCollisions(String, String, boolean, boolean)[4]" classname="nl.tudelft.jpacman.level.PlayerCollisionsTest" time="0.009"/>
  <testcase name="testPlayerCollisions(String, String, boolean, boolean)[5]" classname="nl.tudelft.jpacman.level.PlayerCollisionsTest" time="0.005"/>
  <testcase name="testPlayerCollisions(String, String, boolean, boolean)[6]" classname="nl.tudelft.jpacman.level.PlayerCollisionsTest" time="0.004"/>
  <testcase name="testPlayerCollisions(String, String, boolean, boolean)[7]" classname="nl.tudelft.jpacman.level.PlayerCollisionsTest" time="0.009"/>
  <testcase name="testPlayerCollisions(String, String, boolean, boolean)[8]" classname="nl.tudelft.jpacman.level.PlayerCollisionsTest" time="0.005"/>
  <testcase name="testPlayerCollisions(String, String, boolean, boolean)[9]" classname="nl.tudelft.jpacman.level.PlayerCollisionsTest" time="0.006"/>
  <system-out><![CDATA[]]></system-out>
  <system-err><![CDATA[]]></system-err>
</testsuite>
