<?xml version="1.0" encoding="UTF-8"?>
<testsuite name="nl.tudelft.jpacman.integration.movement.MovementSystemTest" tests="5" skipped="0" failures="0" errors="0" timestamp="2019-06-19T21:05:05" hostname="MSI" time="0.188">
  <properties/>
  <testcase name="blockedByWall()" classname="nl.tudelft.jpacman.integration.movement.MovementSystemTest" time="0.036"/>
  <testcase name="consumeTest()" classname="nl.tudelft.jpacman.integration.movement.MovementSystemTest" time="0.041"/>
  <testcase name="emptySquare()" classname="nl.tudelft.jpacman.integration.movement.MovementSystemTest" time="0.035"/>
  <testcase name="playerDies()" classname="nl.tudelft.jpacman.integration.movement.MovementSystemTest" time="0.037"/>
  <testcase name="playerWins()" classname="nl.tudelft.jpacman.integration.movement.MovementSystemTest" time="0.036"/>
  <system-out><![CDATA[]]></system-out>
  <system-err><![CDATA[]]></system-err>
</testsuite>
