<?xml version="1.0" encoding="UTF-8"?>
<testsuite name="nl.tudelft.jpacman.game.SingleLevelGameIntegrationTest" tests="20" skipped="0" failures="0" errors="0" timestamp="2019-06-19T21:05:04" hostname="MSI" time="0.788">
  <properties/>
  <testcase name="gameParamTest(State, Action, State)[1]" classname="nl.tudelft.jpacman.game.SingleLevelGameIntegrationTest" time="0.062"/>
  <testcase name="gameParamTest(State, Action, State)[2]" classname="nl.tudelft.jpacman.game.SingleLevelGameIntegrationTest" time="0.018"/>
  <testcase name="gameParamTest(State, Action, State)[3]" classname="nl.tudelft.jpacman.game.SingleLevelGameIntegrationTest" time="0.029"/>
  <testcase name="gameParamTest(State, Action, State)[4]" classname="nl.tudelft.jpacman.game.SingleLevelGameIntegrationTest" time="0.026"/>
  <testcase name="gameParamTest(State, Action, State)[5]" classname="nl.tudelft.jpacman.game.SingleLevelGameIntegrationTest" time="0.03"/>
  <testcase name="gameParamTest(State, Action, State)[6]" classname="nl.tudelft.jpacman.game.SingleLevelGameIntegrationTest" time="0.041"/>
  <testcase name="gameParamTest(State, Action, State)[7]" classname="nl.tudelft.jpacman.game.SingleLevelGameIntegrationTest" time="0.061"/>
  <testcase name="gameParamTest(State, Action, State)[8]" classname="nl.tudelft.jpacman.game.SingleLevelGameIntegrationTest" time="0.055"/>
  <testcase name="gameParamTest(State, Action, State)[9]" classname="nl.tudelft.jpacman.game.SingleLevelGameIntegrationTest" time="0.043"/>
  <testcase name="gameParamTest(State, Action, State)[10]" classname="nl.tudelft.jpacman.game.SingleLevelGameIntegrationTest" time="0.046"/>
  <testcase name="gameParamTest(State, Action, State)[11]" classname="nl.tudelft.jpacman.game.SingleLevelGameIntegrationTest" time="0.05"/>
  <testcase name="gameParamTest(State, Action, State)[12]" classname="nl.tudelft.jpacman.game.SingleLevelGameIntegrationTest" time="0.03"/>
  <testcase name="gameParamTest(State, Action, State)[13]" classname="nl.tudelft.jpacman.game.SingleLevelGameIntegrationTest" time="0.029"/>
  <testcase name="gameParamTest(State, Action, State)[14]" classname="nl.tudelft.jpacman.game.SingleLevelGameIntegrationTest" time="0.026"/>
  <testcase name="gameParamTest(State, Action, State)[15]" classname="nl.tudelft.jpacman.game.SingleLevelGameIntegrationTest" time="0.032"/>
  <testcase name="gameParamTest(State, Action, State)[16]" classname="nl.tudelft.jpacman.game.SingleLevelGameIntegrationTest" time="0.024"/>
  <testcase name="gameParamTest(State, Action, State)[17]" classname="nl.tudelft.jpacman.game.SingleLevelGameIntegrationTest" time="0.04"/>
  <testcase name="gameParamTest(State, Action, State)[18]" classname="nl.tudelft.jpacman.game.SingleLevelGameIntegrationTest" time="0.044"/>
  <testcase name="gameParamTest(State, Action, State)[19]" classname="nl.tudelft.jpacman.game.SingleLevelGameIntegrationTest" time="0.039"/>
  <testcase name="gameParamTest(State, Action, State)[20]" classname="nl.tudelft.jpacman.game.SingleLevelGameIntegrationTest" time="0.02"/>
  <system-out><![CDATA[]]></system-out>
  <system-err><![CDATA[]]></system-err>
</testsuite>
