<?xml version="1.0" encoding="UTF-8"?>
<testsuite name="nl.tudelft.jpacman.game.MultiLevelGameIntegrationTest" tests="21" skipped="0" failures="0" errors="0" timestamp="2019-06-19T21:05:01" hostname="MSI" time="2.185">
  <properties/>
  <testcase name="gameParamTest(State, Action, State)[1]" classname="nl.tudelft.jpacman.game.MultiLevelGameIntegrationTest" time="1.429"/>
  <testcase name="gameParamTest(State, Action, State)[2]" classname="nl.tudelft.jpacman.game.MultiLevelGameIntegrationTest" time="0.026"/>
  <testcase name="gameParamTest(State, Action, State)[3]" classname="nl.tudelft.jpacman.game.MultiLevelGameIntegrationTest" time="0.03"/>
  <testcase name="gameParamTest(State, Action, State)[4]" classname="nl.tudelft.jpacman.game.MultiLevelGameIntegrationTest" time="0.025"/>
  <testcase name="gameParamTest(State, Action, State)[5]" classname="nl.tudelft.jpacman.game.MultiLevelGameIntegrationTest" time="0.034"/>
  <testcase name="gameParamTest(State, Action, State)[6]" classname="nl.tudelft.jpacman.game.MultiLevelGameIntegrationTest" time="0.042"/>
  <testcase name="gameParamTest(State, Action, State)[7]" classname="nl.tudelft.jpacman.game.MultiLevelGameIntegrationTest" time="0.049"/>
  <testcase name="gameParamTest(State, Action, State)[8]" classname="nl.tudelft.jpacman.game.MultiLevelGameIntegrationTest" time="0.029"/>
  <testcase name="gameParamTest(State, Action, State)[9]" classname="nl.tudelft.jpacman.game.MultiLevelGameIntegrationTest" time="0.035"/>
  <testcase name="gameParamTest(State, Action, State)[10]" classname="nl.tudelft.jpacman.game.MultiLevelGameIntegrationTest" time="0.032"/>
  <testcase name="gameParamTest(State, Action, State)[11]" classname="nl.tudelft.jpacman.game.MultiLevelGameIntegrationTest" time="0.044"/>
  <testcase name="gameParamTest(State, Action, State)[12]" classname="nl.tudelft.jpacman.game.MultiLevelGameIntegrationTest" time="0.043"/>
  <testcase name="gameParamTest(State, Action, State)[13]" classname="nl.tudelft.jpacman.game.MultiLevelGameIntegrationTest" time="0.031"/>
  <testcase name="gameParamTest(State, Action, State)[14]" classname="nl.tudelft.jpacman.game.MultiLevelGameIntegrationTest" time="0.027"/>
  <testcase name="gameParamTest(State, Action, State)[15]" classname="nl.tudelft.jpacman.game.MultiLevelGameIntegrationTest" time="0.041"/>
  <testcase name="gameParamTest(State, Action, State)[16]" classname="nl.tudelft.jpacman.game.MultiLevelGameIntegrationTest" time="0.032"/>
  <testcase name="gameParamTest(State, Action, State)[17]" classname="nl.tudelft.jpacman.game.MultiLevelGameIntegrationTest" time="0.043"/>
  <testcase name="gameParamTest(State, Action, State)[18]" classname="nl.tudelft.jpacman.game.MultiLevelGameIntegrationTest" time="0.037"/>
  <testcase name="gameParamTest(State, Action, State)[19]" classname="nl.tudelft.jpacman.game.MultiLevelGameIntegrationTest" time="0.037"/>
  <testcase name="gameParamTest(State, Action, State)[20]" classname="nl.tudelft.jpacman.game.MultiLevelGameIntegrationTest" time="0.032"/>
  <testcase name="winFourTimesTest()" classname="nl.tudelft.jpacman.game.MultiLevelGameIntegrationTest" time="0.032"/>
  <system-out><![CDATA[]]></system-out>
  <system-err><![CDATA[]]></system-err>
</testsuite>
