<?xml version="1.0" encoding="UTF-8"?>
<testsuite name="nl.tudelft.jpacman.board.BoardTest" tests="5" skipped="0" failures="0" errors="0" timestamp="2019-06-19T21:04:58" hostname="MSI" time="0.106">
  <properties/>
  <testcase name="verifyWidth()" classname="nl.tudelft.jpacman.board.BoardTest" time="0.004"/>
  <testcase name="verifyHeight()" classname="nl.tudelft.jpacman.board.BoardTest" time="0.001"/>
  <testcase name="testSquareAt(int, int)[1]" classname="nl.tudelft.jpacman.board.BoardTest" time="0.026"/>
  <testcase name="testSquareAt(int, int)[2]" classname="nl.tudelft.jpacman.board.BoardTest" time="0.001"/>
  <testcase name="testSquareAt(int, int)[3]" classname="nl.tudelft.jpacman.board.BoardTest" time="0.001"/>
  <system-out><![CDATA[]]></system-out>
  <system-err><![CDATA[]]></system-err>
</testsuite>
